<?xml version="1.0" encoding="utf-8"?><testsuites name="pytest tests"><testsuite name="pytest" errors="0" failures="0" skipped="0" tests="18" time="8.502" timestamp="2026-09-10T08:14:33.122144+00:00" hostname="agent-env-0fb8f8b1-1a88-4cbf-bcf5-783c2c75defe"><testcase classname="tests.test_auth_flows" name="test_register_new_buyer" time="0.358" /><testcase classname="tests.test_auth_flows" name="test_register_short_password_rejected" time="0.140" /><testcase classname="tests.test_auth_flows" name="test_register_duplicate_email" time="0.181" /><testcase classname="tests.test_auth_flows" name="test_login_wrong_password" time="0.349" /><testcase classname="tests.test_auth_flows" name="test_login_success" time="0.375" /><testcase classname="tests.test_auth_flows" name="test_auth_me" time="0.141" /><testcase classname="tests.test_auth_flows" name="test_auth_me_no_token" time="0.148" /><testcase classname="tests.test_auth_flows" name="test_wishlist_toggle_and_persist" time="0.573" /><testcase classname="tests.test_auth_flows" name="test_wishlist_requires_auth" time="0.140" /><testcase classname="tests.test_auth_flows" name="test_guest_checkout_no_auth" time="0.973" /><testcase classname="tests.test_auth_flows" name="test_authed_checkout_sets_user_id" time="1.511" /><testcase classname="tests.test_auth_flows" name="test_payment_status_hides_delivery_until_paid" time="0.981" /><testcase classname="tests.test_auth_flows" name="test_admin_login_email_password" time="0.370" /><testcase classname="tests.test_auth_flows" name="test_admin_verify_with_jwt" time="0.142" /><testcase classname="tests.test_auth_flows" name="test_admin_verify_rejects_buyer_jwt" time="0.145" /><testcase classname="tests.test_auth_flows" name="test_admin_legacy_header_still_works" time="0.124" /><testcase classname="tests.test_auth_flows" name="test_admin_orders_and_products_with_jwt" time="0.604" /><testcase classname="tests.test_auth_flows" name="test_zzz_cleanup" time="0.066" /></testsuite></testsuites>