<?xml version="1.0" encoding="utf-8"?><testsuites name="pytest tests"><testsuite name="pytest" errors="0" failures="0" skipped="0" tests="13" time="3.497" timestamp="2026-09-09T22:23:46.179634+00:00" hostname="agent-env-0fb8f8b1-1a88-4cbf-bcf5-783c2c75defe"><testcase classname="tests.backend_test" name="test_payment_methods_order" time="0.330" /><testcase classname="tests.backend_test" name="test_midtrans_checkout" time="0.938" /><testcase classname="tests.backend_test" name="test_midtrans_webhook_invalid_signature" time="0.102" /><testcase classname="tests.backend_test" name="test_midtrans_webhook_mismatched_amount" time="0.096" /><testcase classname="tests.backend_test" name="test_midtrans_webhook_valid_marks_paid" time="0.201" /><testcase classname="tests.backend_test" name="test_testimonials_list_seeded" time="0.161" /><testcase classname="tests.backend_test" name="test_testimonial_admin_required" time="0.099" /><testcase classname="tests.backend_test" name="test_testimonial_create_and_clamp" time="0.095" /><testcase classname="tests.backend_test" name="test_testimonial_delete" time="0.096" /><testcase classname="tests.backend_test" name="test_admin_create_product" time="0.089" /><testcase classname="tests.backend_test" name="test_admin_delete_product" time="0.103" /><testcase classname="tests.backend_test" name="test_admin_product_unauth" time="0.091" /><testcase classname="tests.backend_test" name="test_zzz_cleanup_restore_stock" time="0.088" /></testsuite></testsuites>